c:\users\александр\source\repos\lab1\task1\debug\vc142.pdb
c:\users\александр\source\repos\lab1\task1\debug\vc142.idb
c:\users\александр\source\repos\lab1\task1\debug\task1.obj
c:\users\александр\source\repos\lab1\task1\debug\task1.ilk
c:\users\александр\source\repos\lab1\task1\debug\task1.exe
c:\users\александр\source\repos\lab1\task1\debug\task1.pdb
c:\users\александр\source\repos\lab1\task1\debug\task3.ilk
c:\users\александр\source\repos\lab1\task1\debug\task4.ilk
c:\users\александр\source\repos\lab1\task1\debug\task5.ilk
c:\users\александр\source\repos\lab1\task1\debug\task6.ilk
c:\users\александр\source\repos\lab1\task1\debug\task7.ilk
c:\users\александр\source\repos\lab1\task1\debug\task8.ilk
c:\users\александр\source\repos\lab1\task1\debug\task3.pdb
c:\users\александр\source\repos\lab1\task1\debug\task4.pdb
c:\users\александр\source\repos\lab1\task1\debug\task5.pdb
c:\users\александр\source\repos\lab1\task1\debug\task6.pdb
c:\users\александр\source\repos\lab1\task1\debug\task7.pdb
c:\users\александр\source\repos\lab1\task1\debug\task8.pdb
c:\users\александр\source\repos\lab1\task1\debug\task1.tlog\cl.command.1.tlog
c:\users\александр\source\repos\lab1\task1\debug\task1.tlog\cl.read.1.tlog
c:\users\александр\source\repos\lab1\task1\debug\task1.tlog\cl.write.1.tlog
c:\users\александр\source\repos\lab1\task1\debug\task1.tlog\link.command.1.tlog
c:\users\александр\source\repos\lab1\task1\debug\task1.tlog\link.read.1.tlog
c:\users\александр\source\repos\lab1\task1\debug\task1.tlog\link.write.1.tlog
